<?xml version="1.0" encoding="UTF-8"?>
<testsuite name="com.jiyun0524.calculator.CalculatorTest" tests="1" skipped="0" failures="0" errors="0" timestamp="2019-04-16T05:00:23" hostname="student-HP-ProDesk-400-G2-MT-TPM-DP" time="0.001">
  <properties/>
  <testcase name="testSum" classname="com.jiyun0524.calculator.CalculatorTest" time="0.001"/>
  <system-out><![CDATA[]]></system-out>
  <system-err><![CDATA[]]></system-err>
</testsuite>
